<?xml version="1.0" encoding="UTF-8"?>
<testsuite name="ec.com.customer.EseMsaCustomerApplicationTests" tests="1" skipped="0" failures="0" errors="0" timestamp="2025-04-22T03:27:22" hostname="DESKTOP-19NDBQM" time="1.658">
  <properties/>
  <testcase name="contextLoads()" classname="ec.com.customer.EseMsaCustomerApplicationTests" time="1.658"/>
  <system-out><![CDATA[22:27:14.865 [Test worker] INFO org.springframework.test.context.support.AnnotationConfigContextLoaderUtils -- Could not detect default configuration classes for test class [ec.com.customer.EseMsaCustomerApplicationTests]: EseMsaCustomerApplicationTests does not declare any static, non-private, non-final, nested classes annotated with @Configuration.
22:27:15.195 [Test worker] INFO org.springframework.boot.test.context.SpringBootTestContextBootstrapper -- Found @SpringBootConfiguration ec.com.customer.EseMsaCustomerApplication for test class ec.com.customer.EseMsaCustomerApplicationTests

  .   ____          _            __ _ _
 /\\ / ___'_ __ _ _(_)_ __  __ _ \ \ \ \
( ( )\___ | '_ | '_| | '_ \/ _` | \ \ \ \
 \\/  ___)| |_)| | | | | || (_| |  ) ) ) )
  '  |____| .__|_| |_|_| |_\__, | / / / /
 =========|_|==============|___/=/_/_/_/

 :: Spring Boot ::               (v3.3.10)

2025-04-21T22:27:17.369-05:00  INFO 19856 --- [ese-msa-customerDF] [    Test worker] e.c.c.EseMsaCustomerApplicationTests     : Starting EseMsaCustomerApplicationTests using Java 17.0.10 with PID 19856 (started by DiegoLaptop in D:\ProyectosSTS4.21.1\ese-msa-customer)
2025-04-21T22:27:17.379-05:00  INFO 19856 --- [ese-msa-customerDF] [    Test worker] e.c.c.EseMsaCustomerApplicationTests     : No active profile set, falling back to 1 default profile: "default"
2025-04-21T22:27:20.043-05:00  INFO 19856 --- [ese-msa-customerDF] [    Test worker] o.s.cloud.context.scope.GenericScope     : BeanFactory id=cb4dfac1-f65c-3fae-a8f1-f78e12e12399
2025-04-21T22:27:22.299-05:00  INFO 19856 --- [ese-msa-customerDF] [    Test worker] o.s.b.a.e.web.EndpointLinksResolver      : Exposing 1 endpoint beneath base path '/actuator'
2025-04-21T22:27:22.429-05:00  INFO 19856 --- [ese-msa-customerDF] [    Test worker] e.c.c.EseMsaCustomerApplicationTests     : Started EseMsaCustomerApplicationTests in 6.532 seconds (process running for 10.577)
]]></system-out>
  <system-err><![CDATA[]]></system-err>
</testsuite>
